-------------------------------------------------------------------------------
Test set: com.example.ec.web.UserControllerTest
-------------------------------------------------------------------------------
Tests run: 4, Failures: 0, Errors: 4, Skipped: 0, Time elapsed: 1.674 s <<< FAILURE! - in com.example.ec.web.UserControllerTest
signupUnauthorized(com.example.ec.web.UserControllerTest)  Time elapsed: 0 s  <<< ERROR!
java.lang.IllegalStateException: Failed to load ApplicationContext
Caused by: org.mockito.exceptions.base.MockitoException: 

Mockito cannot mock this class: class com.example.ec.service.UserService.

Mockito can only mock non-private & non-final classes.
If you're not sure why you're getting this error, please report to the mailing list.


Java               : 11
JVM vendor name    : Oracle Corporation
JVM vendor version : 11.0.8+10-LTS
JVM name           : Java HotSpot(TM) 64-Bit Server VM
JVM version        : 11.0.8+10-LTS
JVM info           : mixed mode
OS name            : Windows 10
OS version         : 10.0


Underlying exception : java.lang.UnsupportedOperationException: Cannot define class using reflection
Caused by: java.lang.UnsupportedOperationException: Cannot define class using reflection
Caused by: java.lang.IllegalStateException: Could not find sun.misc.Unsafe
Caused by: java.lang.NoSuchMethodException: sun.misc.Unsafe.defineClass(java.lang.String, [B, int, int, java.lang.ClassLoader, java.security.ProtectionDomain)

signin(com.example.ec.web.UserControllerTest)  Time elapsed: 0 s  <<< ERROR!
java.lang.IllegalStateException: Failed to load ApplicationContext
Caused by: org.mockito.exceptions.base.MockitoException: 

Mockito cannot mock this class: class com.example.ec.service.UserService.

Mockito can only mock non-private & non-final classes.
If you're not sure why you're getting this error, please report to the mailing list.


Java               : 11
JVM vendor name    : Oracle Corporation
JVM vendor version : 11.0.8+10-LTS
JVM name           : Java HotSpot(TM) 64-Bit Server VM
JVM version        : 11.0.8+10-LTS
JVM info           : mixed mode
OS name            : Windows 10
OS version         : 10.0


Underlying exception : java.lang.UnsupportedOperationException: Cannot define class using reflection
Caused by: java.lang.UnsupportedOperationException: Cannot define class using reflection
Caused by: java.lang.IllegalStateException: Could not find sun.misc.Unsafe
Caused by: java.lang.NoSuchMethodException: sun.misc.Unsafe.defineClass(java.lang.String, [B, int, int, java.lang.ClassLoader, java.security.ProtectionDomain)

signup(com.example.ec.web.UserControllerTest)  Time elapsed: 0 s  <<< ERROR!
java.lang.IllegalStateException: Failed to load ApplicationContext
Caused by: org.mockito.exceptions.base.MockitoException: 

Mockito cannot mock this class: class com.example.ec.service.UserService.

Mockito can only mock non-private & non-final classes.
If you're not sure why you're getting this error, please report to the mailing list.


Java               : 11
JVM vendor name    : Oracle Corporation
JVM vendor version : 11.0.8+10-LTS
JVM name           : Java HotSpot(TM) 64-Bit Server VM
JVM version        : 11.0.8+10-LTS
JVM info           : mixed mode
OS name            : Windows 10
OS version         : 10.0


Underlying exception : java.lang.UnsupportedOperationException: Cannot define class using reflection
Caused by: java.lang.UnsupportedOperationException: Cannot define class using reflection
Caused by: java.lang.IllegalStateException: Could not find sun.misc.Unsafe
Caused by: java.lang.NoSuchMethodException: sun.misc.Unsafe.defineClass(java.lang.String, [B, int, int, java.lang.ClassLoader, java.security.ProtectionDomain)

getAllUsers(com.example.ec.web.UserControllerTest)  Time elapsed: 0 s  <<< ERROR!
java.lang.IllegalStateException: Failed to load ApplicationContext
Caused by: org.mockito.exceptions.base.MockitoException: 

Mockito cannot mock this class: class com.example.ec.service.UserService.

Mockito can only mock non-private & non-final classes.
If you're not sure why you're getting this error, please report to the mailing list.


Java               : 11
JVM vendor name    : Oracle Corporation
JVM vendor version : 11.0.8+10-LTS
JVM name           : Java HotSpot(TM) 64-Bit Server VM
JVM version        : 11.0.8+10-LTS
JVM info           : mixed mode
OS name            : Windows 10
OS version         : 10.0


Underlying exception : java.lang.UnsupportedOperationException: Cannot define class using reflection
Caused by: java.lang.UnsupportedOperationException: Cannot define class using reflection
Caused by: java.lang.IllegalStateException: Could not find sun.misc.Unsafe
Caused by: java.lang.NoSuchMethodException: sun.misc.Unsafe.defineClass(java.lang.String, [B, int, int, java.lang.ClassLoader, java.security.ProtectionDomain)

